<?xml version="1.0" encoding="UTF-8"?>
<!-- Generated by org.testng.reporters.JUnitXMLReporter -->
<testsuite hostname="Mohammeds-MacBook-Pro.local" ignored="0" name="PMCS Login test" tests="1" failures="1" timestamp="15 Mar 2020 18:27:40 GMT" time="33.93" errors="0">
  <testcase name="getLoginValidation" time="7.109" classname="com.usa.logintest.LoginTest">
    <failure type="java.lang.AssertionError" message="expected [Zoopla &amp;gt; Search Property to Buy, Rent, House Prices, Estate Agents] but found [Register or sign in to Zoopla - Zoopla]">
      <![CDATA[java.lang.AssertionError: expected [Zoopla > Search Property to Buy, Rent, House Prices, Estate Agents] but found [Register or sign in to Zoopla - Zoopla]
at com.usa.logintest.LoginTest.getLoginValidation(LoginTest.java:49)
... Removed 31 stack frames]]>
    </failure>
  </testcase> <!-- getLoginValidation -->
</testsuite> <!-- PMCS Login test -->
